<?xml version="1.0" encoding="UTF-8"?>
<!-- Generated by org.testng.reporters.JUnitReportReporter -->
<testsuite hostname="ProLinux" failures="0" tests="1" name="module_14_streams_and_pagination.JavaStreamsRecapTest" time="0.006" errors="0" timestamp="2023-10-07T13:15:42 EEST" skipped="0">
  <testcase classname="module_14_streams_and_pagination.JavaStreamsRecapTest" name="distinctSorting" time="0.006"/>
  <system-out/>
</testsuite> <!-- module_14_streams_and_pagination.JavaStreamsRecapTest -->
